<?xml version="1.0" encoding="UTF-8"?>
<testng-results skipped="0" failed="0" ignored="0" total="2" passed="2">
  <reporter-output>
  </reporter-output>
  <suite name="Suite" duration-ms="36" started-at="2019-09-27T21:45:37Z" finished-at="2019-09-27T21:45:37Z">
    <groups>
    </groups>
    <test name="Test" duration-ms="36" started-at="2019-09-27T21:45:37Z" finished-at="2019-09-27T21:45:37Z">
      <class name="denisqa.app.APITest">
        <test-method status="PASS" signature="deleteTwitter()[pri:0, instance:denisqa.app.APITest@38082d64]" name="deleteTwitter" duration-ms="6" started-at="2019-09-27T21:45:37Z" finished-at="2019-09-27T21:45:37Z">
          <reporter-output>
          </reporter-output>
        </test-method> <!-- deleteTwitter -->
        <test-method status="PASS" signature="postJira()[pri:0, instance:denisqa.app.APITest@38082d64]" name="postJira" duration-ms="0" started-at="2019-09-27T21:45:37Z" finished-at="2019-09-27T21:45:37Z">
          <reporter-output>
          </reporter-output>
        </test-method> <!-- postJira -->
      </class> <!-- denisqa.app.APITest -->
    </test> <!-- Test -->
  </suite> <!-- Suite -->
</testng-results>
